<?xml version="1.0" encoding="UTF-8"?>
<!-- Generated by org.testng.reporters.JUnitReportReporter -->
<testsuite hostname="DESKTOP-SK32KMA" name="org.data.NewJob" tests="1" failures="0" timestamp="31 May 2022 05:25:52 GMT" time="48.917" errors="0">
  <testcase name="testCase1" time="48.917" classname="org.data.NewJob"/>
</testsuite> <!-- org.data.NewJob -->
