<?xml version="1.0" encoding="UTF-8"?>
<!-- Generated by org.testng.reporters.JUnitReportReporter -->
<testsuite hostname="DESKTOP-SK32KMA" name="org.data.NewContractors" tests="1" failures="0" timestamp="31 May 2022 11:41:15 GMT" time="34.022" errors="0">
  <testcase name="newCon" time="34.022" classname="org.data.NewContractors"/>
</testsuite> <!-- org.data.NewContractors -->
