<?xml version="1.0" encoding="UTF-8"?>
<!-- Generated by org.testng.reporters.JUnitReportReporter -->
<testsuite hostname="DESKTOP-SK32KMA" name="org.data.NewJob" tests="1" failures="0" timestamp="27 May 2022 05:44:32 GMT" time="37.832" errors="0">
  <testcase name="testCase1" time="37.832" classname="org.data.NewJob"/>
</testsuite> <!-- org.data.NewJob -->
