<?xml version="1.0" encoding="UTF-8"?>
<!-- Generated by org.testng.reporters.JUnitReportReporter -->
<testsuite hostname="DESKTOP-SK32KMA" name="org.data.NewJob" tests="1" failures="0" timestamp="30 May 2022 11:11:19 GMT" time="33.777" errors="0">
  <testcase name="testCase1" time="33.777" classname="org.data.NewJob"/>
</testsuite> <!-- org.data.NewJob -->
